2023-02-27 12:46:48.713 MSK [1018] СООБЩЕНИЕ:  запускается PostgreSQL 15.1 (Ubuntu 15.1-1.pgdg22.04+1) on x86_64-pc-linux-gnu, compiled by gcc (Ubuntu 11.3.0-1ubuntu1~22.04) 11.3.0, 64-bit
2023-02-27 12:46:48.721 MSK [1018] СООБЩЕНИЕ:  для приёма подключений по адресу IPv4 "127.0.0.1" открыт порт 5433
2023-02-27 12:46:48.728 MSK [1018] СООБЩЕНИЕ:  для приёма подключений открыт Unix-сокет "/var/run/postgresql/.s.PGSQL.5433"
2023-02-27 12:46:48.748 MSK [1028] СООБЩЕНИЕ:  система БД была выключена: 2023-02-21 22:27:49 MSK
2023-02-27 12:46:48.773 MSK [1018] СООБЩЕНИЕ:  система БД готова принимать подключения
2023-02-27 12:51:48.837 MSK [1026] СООБЩЕНИЕ:  начата контрольная точка: time
2023-02-27 12:51:48.853 MSK [1026] СООБЩЕНИЕ:  контрольная точка завершена: записано буферов: 3 (0.0%); добавлено файлов WAL 0, удалено: 0, переработано: 0; запись=0.005 сек., синхр.=0.002 сек., всего=0.017 сек.; синхронизировано_файлов=2, самая_долгая_синхр.=0.002 сек., средняя=0.001 сек.; расстояние=0 kB, ожидалось=0 kB
2023-02-27 20:29:22.926 MSK [1018] СООБЩЕНИЕ:  получен запрос на быстрое выключение
2023-02-27 20:29:22.942 MSK [1018] СООБЩЕНИЕ:  прерывание всех активных транзакций
2023-02-27 20:29:22.958 MSK [1018] СООБЩЕНИЕ:  фоновый процесс "logical replication launcher" (PID 1035) завершился с кодом выхода 1
2023-02-27 20:29:22.963 MSK [1026] СООБЩЕНИЕ:  выключение
2023-02-27 20:29:22.976 MSK [1026] СООБЩЕНИЕ:  начата контрольная точка: shutdown immediate
2023-02-27 20:29:22.985 MSK [1026] СООБЩЕНИЕ:  контрольная точка завершена: записано буферов: 0 (0.0%); добавлено файлов WAL 0, удалено: 0, переработано: 0; запись=0.001 сек., синхр.=0.001 сек., всего=0.023 сек.; синхронизировано_файлов=0, самая_долгая_синхр.=0.000 сек., средняя=0.000 сек.; расстояние=0 kB, ожидалось=0 kB
2023-02-27 20:29:23.084 MSK [1018] СООБЩЕНИЕ:  система БД выключена
2023-02-28 09:59:06.036 MSK [1035] СООБЩЕНИЕ:  запускается PostgreSQL 15.1 (Ubuntu 15.1-1.pgdg22.04+1) on x86_64-pc-linux-gnu, compiled by gcc (Ubuntu 11.3.0-1ubuntu1~22.04) 11.3.0, 64-bit
2023-02-28 09:59:06.042 MSK [1035] СООБЩЕНИЕ:  для приёма подключений по адресу IPv4 "127.0.0.1" открыт порт 5433
2023-02-28 09:59:06.053 MSK [1035] СООБЩЕНИЕ:  для приёма подключений открыт Unix-сокет "/var/run/postgresql/.s.PGSQL.5433"
2023-02-28 09:59:06.084 MSK [1061] СООБЩЕНИЕ:  система БД была выключена: 2023-02-27 20:29:22 MSK
2023-02-28 09:59:06.114 MSK [1035] СООБЩЕНИЕ:  система БД готова принимать подключения
2023-02-28 10:04:06.184 MSK [1059] СООБЩЕНИЕ:  начата контрольная точка: time
2023-02-28 10:04:06.191 MSK [1059] СООБЩЕНИЕ:  контрольная точка завершена: записано буферов: 3 (0.0%); добавлено файлов WAL 0, удалено: 0, переработано: 0; запись=0.002 сек., синхр.=0.001 сек., всего=0.007 сек.; синхронизировано_файлов=2, самая_долгая_синхр.=0.001 сек., средняя=0.001 сек.; расстояние=0 kB, ожидалось=0 kB
2023-02-28 23:59:10.454 MSK [1035] СООБЩЕНИЕ:  получен запрос на быстрое выключение
2023-02-28 23:59:11.179 MSK [1035] СООБЩЕНИЕ:  прерывание всех активных транзакций
2023-02-28 23:59:11.201 MSK [1035] СООБЩЕНИЕ:  фоновый процесс "logical replication launcher" (PID 1064) завершился с кодом выхода 1
2023-02-28 23:59:11.263 MSK [1059] СООБЩЕНИЕ:  выключение
2023-02-28 23:59:11.405 MSK [1059] СООБЩЕНИЕ:  начата контрольная точка: shutdown immediate
2023-02-28 23:59:11.703 MSK [1059] СООБЩЕНИЕ:  контрольная точка завершена: записано буферов: 0 (0.0%); добавлено файлов WAL 0, удалено: 0, переработано: 0; запись=0.099 сек., синхр.=0.001 сек., всего=0.438 сек.; синхронизировано_файлов=0, самая_долгая_синхр.=0.000 сек., средняя=0.000 сек.; расстояние=0 kB, ожидалось=0 kB
2023-02-28 23:59:11.731 MSK [1035] СООБЩЕНИЕ:  система БД выключена
2023-03-01 09:47:08.660 MSK [979] СООБЩЕНИЕ:  запускается PostgreSQL 15.1 (Ubuntu 15.1-1.pgdg22.04+1) on x86_64-pc-linux-gnu, compiled by gcc (Ubuntu 11.3.0-1ubuntu1~22.04) 11.3.0, 64-bit
2023-03-01 09:47:08.665 MSK [979] СООБЩЕНИЕ:  для приёма подключений по адресу IPv4 "127.0.0.1" открыт порт 5433
2023-03-01 09:47:08.671 MSK [979] СООБЩЕНИЕ:  для приёма подключений открыт Unix-сокет "/var/run/postgresql/.s.PGSQL.5433"
2023-03-01 09:47:08.706 MSK [1036] СООБЩЕНИЕ:  система БД была выключена: 2023-02-28 23:59:11 MSK
2023-03-01 09:47:08.730 MSK [979] СООБЩЕНИЕ:  система БД готова принимать подключения
2023-03-01 09:52:08.213 MSK [1034] СООБЩЕНИЕ:  начата контрольная точка: time
2023-03-01 09:52:08.225 MSK [1034] СООБЩЕНИЕ:  контрольная точка завершена: записано буферов: 3 (0.0%); добавлено файлов WAL 0, удалено: 0, переработано: 0; запись=0.004 сек., синхр.=0.001 сек., всего=0.014 сек.; синхронизировано_файлов=2, самая_долгая_синхр.=0.001 сек., средняя=0.001 сек.; расстояние=0 kB, ожидалось=0 kB
2023-03-01 23:56:46.815 MSK [979] СООБЩЕНИЕ:  получен запрос на быстрое выключение
2023-03-01 23:56:47.213 MSK [979] СООБЩЕНИЕ:  прерывание всех активных транзакций
2023-03-01 23:56:47.237 MSK [979] СООБЩЕНИЕ:  фоновый процесс "logical replication launcher" (PID 1041) завершился с кодом выхода 1
2023-03-01 23:56:47.253 MSK [1034] СООБЩЕНИЕ:  выключение
2023-03-01 23:56:47.257 MSK [1034] СООБЩЕНИЕ:  начата контрольная точка: shutdown immediate
2023-03-01 23:56:47.334 MSK [1034] СООБЩЕНИЕ:  контрольная точка завершена: записано буферов: 0 (0.0%); добавлено файлов WAL 0, удалено: 0, переработано: 0; запись=0.045 сек., синхр.=0.001 сек., всего=0.080 сек.; синхронизировано_файлов=0, самая_долгая_синхр.=0.000 сек., средняя=0.000 сек.; расстояние=0 kB, ожидалось=0 kB
2023-03-01 23:56:47.340 MSK [979] СООБЩЕНИЕ:  система БД выключена
2023-03-02 10:03:10.111 MSK [1127] СООБЩЕНИЕ:  запускается PostgreSQL 15.1 (Ubuntu 15.1-1.pgdg22.04+1) on x86_64-pc-linux-gnu, compiled by gcc (Ubuntu 11.3.0-1ubuntu1~22.04) 11.3.0, 64-bit
2023-03-02 10:03:10.116 MSK [1127] СООБЩЕНИЕ:  для приёма подключений по адресу IPv4 "127.0.0.1" открыт порт 5433
2023-03-02 10:03:10.121 MSK [1127] СООБЩЕНИЕ:  для приёма подключений открыт Unix-сокет "/var/run/postgresql/.s.PGSQL.5433"
2023-03-02 10:03:10.151 MSK [1142] СООБЩЕНИЕ:  система БД была выключена: 2023-03-01 23:56:47 MSK
2023-03-02 10:03:10.175 MSK [1127] СООБЩЕНИЕ:  система БД готова принимать подключения
2023-03-02 10:08:10.835 MSK [1140] СООБЩЕНИЕ:  начата контрольная точка: time
2023-03-02 10:08:10.848 MSK [1140] СООБЩЕНИЕ:  контрольная точка завершена: записано буферов: 3 (0.0%); добавлено файлов WAL 0, удалено: 0, переработано: 0; запись=0.004 сек., синхр.=0.001 сек., всего=0.014 сек.; синхронизировано_файлов=2, самая_долгая_синхр.=0.001 сек., средняя=0.001 сек.; расстояние=0 kB, ожидалось=0 kB
2023-03-02 19:25:35.391 MSK [1127] СООБЩЕНИЕ:  получен запрос на быстрое выключение
2023-03-02 19:25:35.636 MSK [1127] СООБЩЕНИЕ:  прерывание всех активных транзакций
2023-03-02 19:25:35.641 MSK [1127] СООБЩЕНИЕ:  фоновый процесс "logical replication launcher" (PID 1145) завершился с кодом выхода 1
2023-03-02 19:25:35.648 MSK [1140] СООБЩЕНИЕ:  выключение
2023-03-02 19:25:35.668 MSK [1140] СООБЩЕНИЕ:  начата контрольная точка: shutdown immediate
2023-03-02 19:25:35.745 MSK [1140] СООБЩЕНИЕ:  контрольная точка завершена: записано буферов: 0 (0.0%); добавлено файлов WAL 0, удалено: 0, переработано: 0; запись=0.046 сек., синхр.=0.001 сек., всего=0.097 сек.; синхронизировано_файлов=0, самая_долгая_синхр.=0.000 сек., средняя=0.000 сек.; расстояние=0 kB, ожидалось=0 kB
2023-03-02 19:25:35.763 MSK [1127] СООБЩЕНИЕ:  система БД выключена
2023-03-04 02:30:12.612 MSK [982] СООБЩЕНИЕ:  запускается PostgreSQL 15.1 (Ubuntu 15.1-1.pgdg22.04+1) on x86_64-pc-linux-gnu, compiled by gcc (Ubuntu 11.3.0-1ubuntu1~22.04) 11.3.0, 64-bit
2023-03-04 02:30:12.622 MSK [982] СООБЩЕНИЕ:  для приёма подключений по адресу IPv4 "127.0.0.1" открыт порт 5433
2023-03-04 02:30:12.626 MSK [982] СООБЩЕНИЕ:  для приёма подключений открыт Unix-сокет "/var/run/postgresql/.s.PGSQL.5433"
2023-03-04 02:30:12.640 MSK [1031] СООБЩЕНИЕ:  система БД была выключена: 2023-03-02 19:25:35 MSK
2023-03-04 02:30:12.680 MSK [982] СООБЩЕНИЕ:  система БД готова принимать подключения
2023-03-04 02:35:12.741 MSK [1029] СООБЩЕНИЕ:  начата контрольная точка: time
2023-03-04 02:35:12.752 MSK [1029] СООБЩЕНИЕ:  контрольная точка завершена: записано буферов: 3 (0.0%); добавлено файлов WAL 0, удалено: 0, переработано: 0; запись=0.004 сек., синхр.=0.001 сек., всего=0.013 сек.; синхронизировано_файлов=2, самая_долгая_синхр.=0.001 сек., средняя=0.001 сек.; расстояние=0 kB, ожидалось=0 kB
2023-03-04 06:56:44.743 MSK [982] СООБЩЕНИЕ:  получен запрос на быстрое выключение
2023-03-04 06:56:44.746 MSK [982] СООБЩЕНИЕ:  прерывание всех активных транзакций
2023-03-04 06:56:44.754 MSK [982] СООБЩЕНИЕ:  фоновый процесс "logical replication launcher" (PID 1039) завершился с кодом выхода 1
2023-03-04 06:56:44.754 MSK [1029] СООБЩЕНИЕ:  выключение
2023-03-04 06:56:44.756 MSK [1029] СООБЩЕНИЕ:  начата контрольная точка: shutdown immediate
2023-03-04 06:56:44.777 MSK [1029] СООБЩЕНИЕ:  контрольная точка завершена: записано буферов: 0 (0.0%); добавлено файлов WAL 0, удалено: 0, переработано: 0; запись=0.001 сек., синхр.=0.001 сек., всего=0.023 сек.; синхронизировано_файлов=0, самая_долгая_синхр.=0.000 сек., средняя=0.000 сек.; расстояние=0 kB, ожидалось=0 kB
2023-03-04 06:56:44.784 MSK [982] СООБЩЕНИЕ:  система БД выключена
2023-03-04 12:33:13.713 MSK [980] СООБЩЕНИЕ:  запускается PostgreSQL 15.1 (Ubuntu 15.1-1.pgdg22.04+1) on x86_64-pc-linux-gnu, compiled by gcc (Ubuntu 11.3.0-1ubuntu1~22.04) 11.3.0, 64-bit
2023-03-04 12:33:13.731 MSK [980] СООБЩЕНИЕ:  для приёма подключений по адресу IPv4 "127.0.0.1" открыт порт 5433
2023-03-04 12:33:13.733 MSK [980] СООБЩЕНИЕ:  для приёма подключений открыт Unix-сокет "/var/run/postgresql/.s.PGSQL.5433"
2023-03-04 12:33:13.749 MSK [1026] СООБЩЕНИЕ:  система БД была выключена: 2023-03-04 06:56:44 MSK
2023-03-04 12:33:13.776 MSK [980] СООБЩЕНИЕ:  система БД готова принимать подключения
2023-03-04 12:38:13.850 MSK [1024] СООБЩЕНИЕ:  начата контрольная точка: time
2023-03-04 12:38:13.865 MSK [1024] СООБЩЕНИЕ:  контрольная точка завершена: записано буферов: 3 (0.0%); добавлено файлов WAL 0, удалено: 0, переработано: 0; запись=0.006 сек., синхр.=0.001 сек., всего=0.017 сек.; синхронизировано_файлов=2, самая_долгая_синхр.=0.001 сек., средняя=0.001 сек.; расстояние=0 kB, ожидалось=0 kB
